# JRE version: Java(TM) SE Runtime Environment (8.0_71-b15) (build 1.8.0_71-b15)
# Java VM: Java HotSpot(TM) 64-Bit Server VM (25.71-b15 mixed mode linux-amd64 compressed oops)
Heap:
 PSYoungGen      total 387584K, used 95712K [0x00000000d6e00000, 0x00000000f6600000, 0x0000000100000000)
  eden space 291840K, 0% used [0x00000000d6e00000,0x00000000d6e00000,0x00000000e8b00000)
  from space 95744K, 99% used [0x00000000e8b00000,0x00000000ee8781f0,0x00000000ee880000)
  to   space 78336K, 0% used [0x00000000ee880000,0x00000000ee880000,0x00000000f3500000)
 ParOldGen       total 184832K, used 123998K [0x0000000084a00000, 0x000000008fe80000, 0x00000000d6e00000)
  object space 184832K, 67% used [0x0000000084a00000,0x000000008c317ba0,0x000000008fe80000)
 Metaspace       used 14295K, capacity 14458K, committed 14720K, reserved 1062912K
  class space    used 1558K, capacity 1595K, committed 1664K, reserved 1048576K
GC Heap History (10 events):
Event: 5.901 GC heap after
Heap after GC invocations=8 (full 1):
 PSYoungGen      total 149504K, used 0K [0x00000000d6e00000, 0x00000000eb600000, 0x0000000100000000)
  eden space 118272K, 0% used [0x00000000d6e00000,0x00000000d6e00000,0x00000000de180000)
  from space 31232K, 0% used [0x00000000de180000,0x00000000de180000,0x00000000e0000000)
  to   space 49664K, 0% used [0x00000000e8580000,0x00000000e8580000,0x00000000eb600000)
 ParOldGen       total 129024K, used 65179K [0x0000000084a00000, 0x000000008c800000, 0x00000000d6e00000)
  object space 129024K, 50% used [0x0000000084a00000,0x00000000889a6d68,0x000000008c800000)
 Metaspace       used 14270K, capacity 14458K, committed 14720K, reserved 1062912K
  class space    used 1558K, capacity 1595K, committed 1664K, reserved 1048576K
}
Event: 6.414 GC heap before
{Heap before GC invocations=9 (full 1):
 PSYoungGen      total 149504K, used 118272K [0x00000000d6e00000, 0x00000000eb600000, 0x0000000100000000)
  eden space 118272K, 100% used [0x00000000d6e00000,0x00000000de180000,0x00000000de180000)
  from space 31232K, 0% used [0x00000000de180000,0x00000000de180000,0x00000000e0000000)
  to   space 49664K, 0% used [0x00000000e8580000,0x00000000e8580000,0x00000000eb600000)
 ParOldGen       total 129024K, used 65179K [0x0000000084a00000, 0x000000008c800000, 0x00000000d6e00000)
  object space 129024K, 50% used [0x0000000084a00000,0x00000000889a6d68,0x000000008c800000)
 Metaspace       used 14276K, capacity 14458K, committed 14720K, reserved 1062912K
  class space    used 1558K, capacity 1595K, committed 1664K, reserved 1048576K
Event: 6.604 GC heap after
Heap after GC invocations=9 (full 1):
 PSYoungGen      total 256000K, used 46432K [0x00000000d6e00000, 0x00000000eb300000, 0x0000000100000000)
  eden space 209408K, 0% used [0x00000000d6e00000,0x00000000d6e00000,0x00000000e3a80000)
  from space 46592K, 99% used [0x00000000e8580000,0x00000000eb2d80f0,0x00000000eb300000)
  to   space 57344K, 0% used [0x00000000e4300000,0x00000000e4300000,0x00000000e7b00000)
 ParOldGen       total 129024K, used 65187K [0x0000000084a00000, 0x000000008c800000, 0x00000000d6e00000)
  object space 129024K, 50% used [0x0000000084a00000,0x00000000889a8d68,0x000000008c800000)
 Metaspace       used 14276K, capacity 14458K, committed 14720K, reserved 1062912K
  class space    used 1558K, capacity 1595K, committed 1664K, reserved 1048576K
}
Event: 7.468 GC heap before
{Heap before GC invocations=10 (full 1):
 PSYoungGen      total 256000K, used 255840K [0x00000000d6e00000, 0x00000000eb300000, 0x0000000100000000)
  eden space 209408K, 100% used [0x00000000d6e00000,0x00000000e3a80000,0x00000000e3a80000)
  from space 46592K, 99% used [0x00000000e8580000,0x00000000eb2d80f0,0x00000000eb300000)
  to   space 57344K, 0% used [0x00000000e4300000,0x00000000e4300000,0x00000000e7b00000)
 ParOldGen       total 129024K, used 65187K [0x0000000084a00000, 0x000000008c800000, 0x00000000d6e00000)
  object space 129024K, 50% used [0x0000000084a00000,0x00000000889a8d68,0x000000008c800000)
 Metaspace       used 14278K, capacity 14458K, committed 14720K, reserved 1062912K
  class space    used 1558K, capacity 1595K, committed 1664K, reserved 1048576K
Event: 7.785 GC heap after
Heap after GC invocations=10 (full 1):
 PSYoungGen      total 275456K, used 57312K [0x00000000d6e00000, 0x00000000f3500000, 0x0000000100000000)
  eden space 218112K, 0% used [0x00000000d6e00000,0x00000000d6e00000,0x00000000e4300000)
  from space 57344K, 99% used [0x00000000e4300000,0x00000000e7af8120,0x00000000e7b00000)
  to   space 78336K, 0% used [0x00000000ee880000,0x00000000ee880000,0x00000000f3500000)
 ParOldGen       total 129024K, used 92707K [0x0000000084a00000, 0x000000008c800000, 0x00000000d6e00000)
  object space 129024K, 71% used [0x0000000084a00000,0x000000008a488df8,0x000000008c800000)
 Metaspace       used 14278K, capacity 14458K, committed 14720K, reserved 1062912K
  class space    used 1558K, capacity 1595K, committed 1664K, reserved 1048576K
}
Event: 8.652 GC heap before
{Heap before GC invocations=11 (full 1):
 PSYoungGen      total 275456K, used 275424K [0x00000000d6e00000, 0x00000000f3500000, 0x0000000100000000)
  eden space 218112K, 100% used [0x00000000d6e00000,0x00000000e4300000,0x00000000e4300000)
  from space 57344K, 99% used [0x00000000e4300000,0x00000000e7af8120,0x00000000e7b00000)
  to   space 78336K, 0% used [0x00000000ee880000,0x00000000ee880000,0x00000000f3500000)
 ParOldGen       total 129024K, used 92707K [0x0000000084a00000, 0x000000008c800000, 0x00000000d6e00000)
  object space 129024K, 71% used [0x0000000084a00000,0x000000008a488df8,0x000000008c800000)
 Metaspace       used 14283K, capacity 14458K, committed 14720K, reserved 1062912K
  class space    used 1558K, capacity 1595K, committed 1664K, reserved 1048576K
Event: 9.007 GC heap after
Heap after GC invocations=11 (full 1):
 PSYoungGen      total 370176K, used 78304K [0x00000000d6e00000, 0x00000000f6600000, 0x0000000100000000)
  eden space 291840K, 0% used [0x00000000d6e00000,0x00000000d6e00000,0x00000000e8b00000)
  from space 78336K, 99% used [0x00000000ee880000,0x00000000f34f8180,0x00000000f3500000)
  to   space 95744K, 0% used [0x00000000e8b00000,0x00000000e8b00000,0x00000000ee880000)
 ParOldGen       total 129024K, used 104251K [0x0000000084a00000, 0x000000008c800000, 0x00000000d6e00000)
  object space 129024K, 80% used [0x0000000084a00000,0x000000008afcee38,0x000000008c800000)
 Metaspace       used 14283K, capacity 14458K, committed 14720K, reserved 1062912K
  class space    used 1558K, capacity 1595K, committed 1664K, reserved 1048576K
}
Event: 9.007 GC heap before
{Heap before GC invocations=12 (full 2):
 PSYoungGen      total 370176K, used 78304K [0x00000000d6e00000, 0x00000000f6600000, 0x0000000100000000)
  eden space 291840K, 0% used [0x00000000d6e00000,0x00000000d6e00000,0x00000000e8b00000)
  from space 78336K, 99% used [0x00000000ee880000,0x00000000f34f8180,0x00000000f3500000)
  to   space 95744K, 0% used [0x00000000e8b00000,0x00000000e8b00000,0x00000000ee880000)
 ParOldGen       total 129024K, used 104251K [0x0000000084a00000, 0x000000008c800000, 0x00000000d6e00000)
  object space 129024K, 80% used [0x0000000084a00000,0x000000008afcee38,0x000000008c800000)
 Metaspace       used 14283K, capacity 14458K, committed 14720K, reserved 1062912K
  class space    used 1558K, capacity 1595K, committed 1664K, reserved 1048576K
Event: 9.405 GC heap after
Heap after GC invocations=12 (full 2):
 PSYoungGen      total 370176K, used 0K [0x00000000d6e00000, 0x00000000f6600000, 0x0000000100000000)
  eden space 291840K, 0% used [0x00000000d6e00000,0x00000000d6e00000,0x00000000e8b00000)
  from space 78336K, 0% used [0x00000000ee880000,0x00000000ee880000,0x00000000f3500000)
  to   space 95744K, 0% used [0x00000000e8b00000,0x00000000e8b00000,0x00000000ee880000)
 ParOldGen       total 184832K, used 105222K [0x0000000084a00000, 0x000000008fe80000, 0x00000000d6e00000)
  object space 184832K, 56% used [0x0000000084a00000,0x000000008b0c1b40,0x000000008fe80000)
 Metaspace       used 14283K, capacity 14458K, committed 14720K, reserved 1062912K
  class space    used 1558K, capacity 1595K, committed 1664K, reserved 1048576K
}
Event: 10.611 GC heap before
{Heap before GC invocations=13 (full 2):
 PSYoungGen      total 370176K, used 291840K [0x00000000d6e00000, 0x00000000f6600000, 0x0000000100000000)
  eden space 291840K, 100% used [0x00000000d6e00000,0x00000000e8b00000,0x00000000e8b00000)
  from space 78336K, 0% used [0x00000000ee880000,0x00000000ee880000,0x00000000f3500000)
  to   space 95744K, 0% used [0x00000000e8b00000,0x00000000e8b00000,0x00000000ee880000)
 ParOldGen       total 184832K, used 105222K [0x0000000084a00000, 0x000000008fe80000, 0x00000000d6e00000)
  object space 184832K, 56% used [0x0000000084a00000,0x000000008b0c1b40,0x000000008fe80000)
 Metaspace       used 14295K, capacity 14458K, committed 14720K, reserved 1062912K
  class space    used 1558K, capacity 1595K, committed 1664K, reserved 1048576K

